make all --print-data-base --no-builtin-variables --no-builtin-rules --question
# GNU Make 3.81
# Copyright (C) 2006  Free Software Foundation, Inc.
# This is free software; see the source for copying conditions.
# There is NO warranty; not even for MERCHANTABILITY or FITNESS FOR A
# PARTICULAR PURPOSE.

# This program built for i386-pc-mingw32
 

# Make data base, printed on Tue Aug 30 13:30:22 2022

# Variables

# automatic
<D = $(patsubst %/,%,$(dir $<))
# automatic
?F = $(notdir $?)
# makefile (from `makefile', line 13)
OBJ = $(subst .c,.o,$(subst source,objects,$(C_SOURCE)))
# makefile
MAKEFLAGS = Rrqp
# automatic
?D = $(patsubst %/,%,$(dir $?))
# makefile (from `makefile', line 10)
H_SOURCE = $(wildcard ./source/h/*.h)
# automatic
@D = $(patsubst %/,%,$(dir $@))
# environment
HOMEDRIVE = C:
# automatic
@F = $(notdir $@)
# automatic
^D = $(pats 
ubst %/,%,$(dir $^))
# makefile
CURDIR := c:/Projects/2022/academicSystem
# default
SHELL := sh.exe
# makefile (from `makefile', line 26)
RM = rm -rf
# environment
WINDIR = C:\WINDOWS
# environment
VSCODE_NLS_CONFIG = {"locale":"pt-br","availableLanguages":{},"_languagePackSupport":true}
# environment
ONEDRIVE = C:\Users\epont\OneDrive
# environment
PATHEXT = .COM;.EXE;.BAT;.CMD;.VBS;.VBE;.JS;.JSE;.WSF;.WSH;.MSC
# makefile (from `makefile', line 1)
MAKEFILE_LIST :=  makefile
# environment
TMP = C:\Users\epont\AppData\Local\Temp
# environment
PROGRAMW6432 = C:\Program Files
# environment
PROGRAMDATA = C:\ProgramData
# environment
VSCODE_CWD = C:\Users\epont\AppData\Local\Programs\Microsoft VS Code
# environment
PATH = C:\ProgramData\Oracle\Java\javapath;C:\WINDOWS\system32;C:\WINDOWS;C:\WINDOWS\System32\Wbem;C:\WINDOWS\System32\WindowsPowerShell\v1.0\;C:\WINDOWS\System32\OpenSSH\;C:\Program Files\MATLAB\R2022a\bin;C:\Program Files\dotnet\;C:\Program Files (x86)\GnuWin32\bin;C:\Users\epont\AppData\Local\Microsoft\WindowsApps;;C:\Users\epont\AppData\Local\Programs\Microsoft VS Code\bin
# environment
COMMONPROGRAMW6432 = C:\Program Files\Common Files
# environment
NIEXTCCOMPILERSUPP = C:\Program Files (x86)\National Instruments\Shared\ExternalCompilerSupport\C\
# environment
PROCESSOR_ARCHITECTURE = x86
# environment
USERPROFILE = C:\Users\epont
# environment
ALLUSERSPROFILE = C:\ProgramData
# environment
NUMBER_OF_PROCESSORS = 8
# environment
ELECTRON_RUN_AS_NODE = 1
# makefile (from `makefile', line 7)
C_SOURCE = $(wildcard ./source/cpp/*.c)
# default
.FEATURES := target-specific order-only second-expansion else-if archives
# makefile (from `makefile', line 19)
CC_FLAGS = -c -W -Wall -ansi -pedantic
# automatic
%F = $(notdir $%)
# environment
CHROME_CRASHPAD_PIPE_NAME = \\.\pipe\crashpad_8452_IGCDPAFBBCFBTXOX
# environment
COMPUTERNAME = NOTEBOOK
# environment
PROGRAMFILES = C:\Program Files (x86)
# environment
DRIVERDATA = C:\Windows\System32\Drivers\DriverData
# environment
ORIGINAL_XDG_CURRENT_DESKTOP = undefined
# environment
USERNAME = epont
# environment
PUBLIC = C:\Users\Public
# environment
VSCODE_AMD_ENTRYPOINT = vs/workbench/api/node/extensionHostProcess
# environment
VSCODE_CODE_CACHE_PATH = C:\Users\epont\AppData\Roaming\Code\CachedData\e4503b30fc78200f846c62cf8091b76ff5547662
# environment
APPLICATION_INSIGHTS_NO_DIAGNOSTIC_CHANNEL = 1
# environment
COMMONPROGRAMFILES = C:\Program Files (x86)\Common Files
# environment
LOGONSERVER = \\NOTEBOOK
# environment
ONEDRIVECONSUMER = C:\Users\epont\OneDrive
# environment
VSCODE_HANDLES_UNCAUGHT_ERRORS = true
# environment
USERDOMAIN = NOTEBOOK
# default
MAKE = $(MAKE_COMMAND)
# default
MAKECMDGOALS := all
# makefile (from `makefile', line 16)
CC = gcc
# default
MAKE_VERSION := 3.81
# makefile
.DEFAULT_GOAL := all
# environment
PROGRAMFILES(X86) = C:\Program Files (x86)
# automatic
%D = $(patsubst %/,%,$(dir $%))
# environment
LOCALAPPDATA = C:\Users\epont\AppData\Local
# environment
PSMODULEPATH = C:\Program Files\WindowsPowerShell\Modules;C:\WINDOWS\system32\Wind 
owsPowerShell\v1.0\Modules
# default
MAKE_COMMAND := make
# environment
PROCESSOR_ARCHITEW6432 = AMD64
# default
.VARIABLES := 
# automatic
*F = $(notdir $*)
# environment
PROCESSOR_IDENTIFIER = AMD64 Family 23 Model 24 Stepping 1, AuthenticAMD
# environment
OS = Windows_NT
# environment
VSCODE_IPC_HOOK = \\.\pipe\f1a54be7f0b815a93fcc12366beed5d1-1.70.2-main-sock
# environment
HOMEPATH = \Users\epont
# environment
COMMONPROGRAMFILES(X86) = C:\Program Files (x86)\Common Files
# environment
PROMPT = $P$G
# environment
MFLAGS = -Rrqp
# automatic
*D = $(patsubst %/,%,$(dir $*))
# environment
SYSTEMROOT = C:\WINDOWS
# automatic
+D = $(patsubst %/,%,$(dir $+))
# automatic
+F = $(notdir $+)
# environment
APPDATA = C:\Users\epont\AppData\Roaming
# environment
TEMP = C:\Users\epont\AppData\Local\Temp
# environment
COMSPEC = C:\WINDOWS\system32\cmd.exe
# default
MAKEFILES := 
# automatic
<F = $(notdir $<)
# environment
LC_ALL = C
# automatic
^F = $(notdir $^)
# default
SUFFIXES := 
# environment
SYSTEMDRIVE = C:
# envi 
ronment
SESSIONNAME = Console
# environment
PROCESSOR_REVISION = 1801
# makefile (from `makefile', line 4)
PROJ_NAME = printy
# environment
MAKELEVEL := 0
# environment
LANG = C
# environment
PROCESSOR_LEVEL = 23
# environment
VSCODE_PID = 8452
# environment
USERDOMAIN_ROAMINGPROFILE = NOTEBOOK
# variable set hash-table stats:
# Load=90/1024=9%, Rehash=0, Collisions=8/108=7%

# Pattern-specific Variable Values

# No pattern-specific variable values.

# Directories

# : could not be stat'd.
# C:\Users\epont\AppData\Local\Microsoft\WindowsApps (key C:/Users/epont/AppData/Local/Microsoft/WindowsApps, mtime 1661460110): 28 files, no impossibilities.
# C:\WINDOWS\System32\WindowsPowerShell\v1.0\ (key C:/WINDOWS/System32/WindowsPowerShell/v1.0/, mtime 1651494914): 31 files, no impossibilities.
# C:\WINDOWS\System32\Wbem (key C:/WINDOWS/System32/Wbem, mtime 1652289089): 155 files, no impossibilities.
# . (key c:/Projects/2022/academicSystem, mtime 1661537791): 7 files, no impossibilities.
# C:\Program Files\dotnet\  
(key C:/Program Files/dotnet/, mtime 1661862856): 8 files, no impossibilities.
# C:\WINDOWS\System32\OpenSSH\: could not be stat'd.
# C:\WINDOWS (key C:/WINDOWS, mtime 1660183917): 121 files, no impossibilities.
# C:\ProgramData\Oracle\Java\javapath (key C:/ProgramData/Oracle/Java/javapath, mtime 1654465874): 5 files, no impossibilities.
# C:\Program Files\MATLAB\R2022a\bin (key C:/Program Files/MATLAB/R2022a/bin, mtime 1652139020): 14 files, no impossibilities.
# C:\Users\epont\AppData\Local\Programs\Microsoft VS Code\bin (key C:/Users/epont/AppData/Local/Programs/Microsoft VS Code/bin, mtime 1661346641): 4 files, no impossibilities.
# C:\WINDOWS\system32 (key C:/WINDOWS/system32, mtime 1661863142): 2949 files, no impossibilities.
# ./source/cpp: could not be stat'd.
# C:\Program Files (x86)\GnuWin32\bin (key C:/Program Files (x86)/GnuWin32/bin, mtime 1661863743): 5 files, no impossibilities.

# 3327 files, no impossibilities in 14 directories.

# Implicit Rules

# No implicit rules.

# Files

@: '
#  Implic 
it rule search has not been done.
#  Modification time never checked.
#  File has not been updated.

all: objFolder printy
#  Command-line target.
#  Implicit rule search has not been done.
#  Modification time never checked.
#  File has not been updated.

# Not a target:
.DEFAULT:
#  Implicit rule search has not been done.
#  Modification time never checked.
#  File has not been updated.

'Building: '
#  Implicit rule search has not been done.
#  Modification time never checked.
#  File has not been updated.

using: '
#  Implicit rule search has not been done.
#  Modification time never checked.
#  File has not been updated.

printy:
#  Implicit rule search has not been done.
#  Modification time never checked.
#  File has not been updated.

# Not a target:
makefile:
#  Implicit rule search has not been done.
#  Modification time never checked.
#  File has not been updated.

# Not a target:
.SUFFIXES:
#  Implicit rule search has not been done.
#  Modification time never checked.
#  File has not been updated. 
makefile:35: *** missing separator.  Stop.



echo: '
#  Implicit rule search has not been done.
#  Modification time never checked.
#  File has not been updated.

GCC: '
#  Implicit rule search has not been done.
#  Modification time never checked.
#  File has not been updated.

binary: '
#  Implicit rule search has not been done.
#  Modification time never checked.
#  File has not been updated.

linker: '
#  Implicit rule search has not been done.
#  Modification time never checked.
#  File has not been updated.

# files hash-table stats:
# Load=12/1024=1%, Rehash=0, Collisions=0/14=0%
# VPATH Search Paths

# No `vpath' search paths.

# No general (`VPATH' variable) search path.

# # of strings in strcache: 1
# # of strcache buffers: 1
# strcache size: total = 4096 / max = 4096 / min = 4096 / avg = 4096
# strcache free: total = 4087 / max = 4087 / min = 4087 / avg = 4087

# Finished Make data base on Tue Aug 30 13:30:22 2022

 
